<?xml version="1.0" encoding="UTF-8"?>
<!-- Generated by org.testng.reporters.JUnitReportReporter -->
<testsuite hostname="dawit-ubuntu" failures="0" tests="1" name="com.wmsportalvt.testCases.TC1_ValidateUptime" time="0.030" errors="0" timestamp="2021-03-10T04:24:51 EST" skipped="0">
  <testcase classname="com.wmsportalvt.testCases.TC1_ValidateUptime" name="upTime" time="0.030"/>
  <system-out/>
</testsuite> <!-- com.wmsportalvt.testCases.TC1_ValidateUptime -->
