<?xml version="1.0" encoding="UTF-8"?>
<!-- Generated by org.testng.reporters.JUnitReportReporter -->
<testsuite hostname="dawit-ubuntu" failures="0" tests="2" name="com.wmsportalvt.testCases.TC3_ValidateLogin" time="2.389" errors="0" timestamp="2021-03-16T17:26:55 EDT" skipped="0">
  <testcase classname="com.wmsportalvt.testCases.TC3_ValidateLogin" name="loginTest" time="0.872"/>
  <system-out/>
  <testcase classname="com.wmsportalvt.testCases.TC3_ValidateLogin" name="loginTest" time="1.517"/>
  <system-out/>
</testsuite> <!-- com.wmsportalvt.testCases.TC3_ValidateLogin -->
