<?xml version="1.0" encoding="UTF-8"?>
<!-- Generated by org.testng.reporters.JUnitReportReporter -->
<testsuite hostname="dawit-ubuntu" failures="0" tests="1" name="com.wmsportalvt.testCases.TC3_ValidateLogin" time="1.213" errors="0" timestamp="2021-03-12T00:25:55 EST" skipped="0">
  <testcase classname="com.wmsportalvt.testCases.TC3_ValidateLogin" name="loginTest" time="1.213"/>
  <system-out/>
</testsuite> <!-- com.wmsportalvt.testCases.TC3_ValidateLogin -->
