<?xml version="1.0" encoding="UTF-8"?>
<!-- Generated by org.testng.reporters.JUnitReportReporter -->
<testsuite hostname="dawit-ubuntu" failures="0" tests="1" name="com.wmsportalvt.testCases.TC4_ValidateLogout" time="0.724" errors="0" timestamp="2021-03-10T18:59:23 EST" skipped="0">
  <testcase classname="com.wmsportalvt.testCases.TC4_ValidateLogout" name="logoutTest" time="0.724"/>
  <system-out/>
</testsuite> <!-- com.wmsportalvt.testCases.TC4_ValidateLogout -->
