<?xml version="1.0" encoding="UTF-8"?>
<!-- Generated by org.testng.reporters.JUnitReportReporter -->
<testsuite hostname="dawit-ubuntu" failures="0" tests="2" name="com.wmsportalvt.testCases.TC2_ValidateSecurity" time="2.288" errors="0" timestamp="2021-03-16T17:26:55 EDT" skipped="0">
  <testcase classname="com.wmsportalvt.testCases.TC2_ValidateSecurity" name="securityTest" time="0.883"/>
  <system-out/>
  <testcase classname="com.wmsportalvt.testCases.TC2_ValidateSecurity" name="securityTest" time="1.405"/>
  <system-out/>
</testsuite> <!-- com.wmsportalvt.testCases.TC2_ValidateSecurity -->
