<?xml version="1.0" encoding="UTF-8"?>
<!-- Generated by org.testng.reporters.JUnitReportReporter -->
<testsuite hostname="dawit-ubuntu" failures="0" tests="1" name="com.wmsportalvt.testCases.TC4_ValidateLogout" time="1.032" errors="0" timestamp="2021-03-12T00:25:55 EST" skipped="0">
  <testcase classname="com.wmsportalvt.testCases.TC4_ValidateLogout" name="logoutTest" time="1.032"/>
  <system-out/>
</testsuite> <!-- com.wmsportalvt.testCases.TC4_ValidateLogout -->
