<?xml version="1.0" encoding="UTF-8"?>
<!-- Generated by org.testng.reporters.JUnitReportReporter -->
<testsuite hostname="dawit-ubuntu" failures="0" tests="1" name="com.atmportalvt.testCases.TC3_ValidateLogin" time="0.726" errors="0" timestamp="2021-03-09T16:19:09 EST" skipped="0">
  <testcase classname="com.atmportalvt.testCases.TC3_ValidateLogin" name="loginTest" time="0.726"/>
  <system-out/>
</testsuite> <!-- com.atmportalvt.testCases.TC3_ValidateLogin -->
