<?xml version="1.0" encoding="UTF-8"?>
<!-- Generated by org.testng.reporters.JUnitReportReporter -->
<testsuite hostname="dawit-ubuntu" failures="0" tests="2" name="com.wmsportalvt.testCases.TC1_ValidateUptime" time="0.097" errors="0" timestamp="2021-03-16T17:26:55 EDT" skipped="0">
  <testcase classname="com.wmsportalvt.testCases.TC1_ValidateUptime" name="upTime" time="0.033"/>
  <system-out/>
  <testcase classname="com.wmsportalvt.testCases.TC1_ValidateUptime" name="upTime" time="0.064"/>
  <system-out/>
</testsuite> <!-- com.wmsportalvt.testCases.TC1_ValidateUptime -->
